0 info it worked if it ends with ok
1 verbose cli [ '/usr/local/bin/node',
1 verbose cli   '/usr/local/bin/npm',
1 verbose cli   'install',
1 verbose cli   '--save',
1 verbose cli   'angularfire2' ]
2 info using npm@2.14.12
3 info using node@v4.3.1
4 verbose install initial load of /Users/yosemetie/Documents/github/notifyApp/package.json
5 warn package.json notification-app@ No repository field.
6 warn package.json notification-app@ No README data
7 warn package.json notification-app@ No license field.
8 verbose installManyTop reading scoped package data from /Users/yosemetie/Documents/github/notifyApp/node_modules/angular2/package.json
9 verbose installManyTop reading scoped package data from /Users/yosemetie/Documents/github/notifyApp/node_modules/angularfire2/package.json
10 verbose installManyTop reading scoped package data from /Users/yosemetie/Documents/github/notifyApp/node_modules/awesome-typescript-loader/package.json
11 verbose installManyTop reading scoped package data from /Users/yosemetie/Documents/github/notifyApp/node_modules/del/package.json
12 verbose installManyTop reading scoped package data from /Users/yosemetie/Documents/github/notifyApp/node_modules/es6-promise/package.json
13 verbose installManyTop reading scoped package data from /Users/yosemetie/Documents/github/notifyApp/node_modules/es6-shim/package.json
14 verbose installManyTop reading scoped package data from /Users/yosemetie/Documents/github/notifyApp/node_modules/firebase/package.json
15 verbose installManyTop reading scoped package data from /Users/yosemetie/Documents/github/notifyApp/node_modules/gulp/package.json
16 verbose installManyTop reading scoped package data from /Users/yosemetie/Documents/github/notifyApp/node_modules/gulp-autoprefixer/package.json
17 verbose installManyTop reading scoped package data from /Users/yosemetie/Documents/github/notifyApp/node_modules/gulp-sass/package.json
18 verbose installManyTop reading scoped package data from /Users/yosemetie/Documents/github/notifyApp/node_modules/gulp-watch/package.json
19 verbose installManyTop reading scoped package data from /Users/yosemetie/Documents/github/notifyApp/node_modules/ionic-angular/package.json
20 verbose installManyTop reading scoped package data from /Users/yosemetie/Documents/github/notifyApp/node_modules/ionicons/package.json
21 verbose installManyTop reading scoped package data from /Users/yosemetie/Documents/github/notifyApp/node_modules/reflect-metadata/package.json
22 verbose installManyTop reading scoped package data from /Users/yosemetie/Documents/github/notifyApp/node_modules/rxjs/package.json
23 verbose installManyTop reading scoped package data from /Users/yosemetie/Documents/github/notifyApp/node_modules/strip-sourcemap-loader/package.json
24 verbose installManyTop reading scoped package data from /Users/yosemetie/Documents/github/notifyApp/node_modules/typescript/package.json
25 verbose installManyTop reading scoped package data from /Users/yosemetie/Documents/github/notifyApp/node_modules/webpack/package.json
26 verbose installManyTop reading scoped package data from /Users/yosemetie/Documents/github/notifyApp/node_modules/zone.js/package.json
27 info package.json firebase@2.4.1 No license field.
28 info package.json strip-sourcemap-loader@0.0.1 No repository field.
29 verbose readDependencies loading dependencies from /Users/yosemetie/Documents/github/notifyApp/package.json
30 verbose install angularfire2 is installed as 2.0.0-alpha.10
31 silly cache add args [ 'angularfire2', null ]
32 verbose cache add spec angularfire2
33 silly cache add parsed spec Result {
33 silly cache add   raw: 'angularfire2',
33 silly cache add   scope: null,
33 silly cache add   name: 'angularfire2',
33 silly cache add   rawSpec: '',
33 silly cache add   spec: 'latest',
33 silly cache add   type: 'tag' }
34 silly addNamed angularfire2@latest
35 verbose addNamed "latest" is being treated as a dist-tag for angularfire2
36 info addNameTag [ 'angularfire2', 'latest' ]
37 silly mapToRegistry name angularfire2
38 silly mapToRegistry using default registry
39 silly mapToRegistry registry https://registry.npmjs.org/
40 silly mapToRegistry uri https://registry.npmjs.org/angularfire2
41 verbose addNameTag registry:https://registry.npmjs.org/angularfire2 not in flight; fetching
42 verbose request uri https://registry.npmjs.org/angularfire2
43 verbose request no auth needed
44 info attempt registry request try #1 at 7:22:10 PM
45 verbose request id ae4e1e02fcfc4359
46 verbose etag "31W6R0NFMDPQ9YM2YAENIJDFH"
47 http request GET https://registry.npmjs.org/angularfire2
48 http 304 https://registry.npmjs.org/angularfire2
49 verbose headers { date: 'Thu, 17 Mar 2016 23:22:10 GMT',
49 verbose headers   via: '1.1 varnish',
49 verbose headers   'cache-control': 'max-age=300',
49 verbose headers   etag: '"31W6R0NFMDPQ9YM2YAENIJDFH"',
49 verbose headers   age: '67',
49 verbose headers   connection: 'keep-alive',
49 verbose headers   'x-served-by': 'cache-iad2136-IAD',
49 verbose headers   'x-cache': 'HIT',
49 verbose headers   'x-cache-hits': '1',
49 verbose headers   'x-timer': 'S1458256930.599429,VS0,VE0',
49 verbose headers   vary: 'Accept' }
50 silly get cb [ 304,
50 silly get   { date: 'Thu, 17 Mar 2016 23:22:10 GMT',
50 silly get     via: '1.1 varnish',
50 silly get     'cache-control': 'max-age=300',
50 silly get     etag: '"31W6R0NFMDPQ9YM2YAENIJDFH"',
50 silly get     age: '67',
50 silly get     connection: 'keep-alive',
50 silly get     'x-served-by': 'cache-iad2136-IAD',
50 silly get     'x-cache': 'HIT',
50 silly get     'x-cache-hits': '1',
50 silly get     'x-timer': 'S1458256930.599429,VS0,VE0',
50 silly get     vary: 'Accept' } ]
51 verbose etag https://registry.npmjs.org/angularfire2 from cache
52 verbose get saving angularfire2 to /Users/yosemetie/.npm/registry.npmjs.org/angularfire2/.cache.json
53 silly addNameTag next cb for angularfire2 with tag latest
54 silly addNamed angularfire2@2.0.0-alpha.10
55 verbose addNamed "2.0.0-alpha.10" is a plain semver version for angularfire2
56 silly cache afterAdd angularfire2@2.0.0-alpha.10
57 verbose afterAdd /Users/yosemetie/.npm/angularfire2/2.0.0-alpha.10/package/package.json not in flight; writing
58 verbose afterAdd /Users/yosemetie/.npm/angularfire2/2.0.0-alpha.10/package/package.json written
59 silly install resolved [ { name: 'angularfire2',
59 silly install resolved     version: '2.0.0-alpha.10',
59 silly install resolved     description: '[![Build Status](https://travis-ci.org/angular/angularfire2.svg?branch=master)](https://travis-ci.org/angular/angularfire2)',
59 silly install resolved     main: 'angularfire2.js',
59 silly install resolved     scripts:
59 silly install resolved      { test: 'npm run build; karma start',
59 silly install resolved        build: 'rm -rf dist; tsc && cp package.json README.md LICENSE .npmignore dist/',
59 silly install resolved        postbuild: 'node tools/rewrite-published-package.js',
59 silly install resolved        install_webdriver: 'webdriver-manager update',
59 silly install resolved        install_typings: 'typings install',
59 silly install resolved        build_bundle: 'cp -r src angularfire2 && tsc typings/main.d.ts angularfire2.ts --rootDir . --module system -t es5 --outFile dist/bundles/angularfire2.js  --moduleResolution node --emitDecoratorMetadata --experimentalDecorators' },
59 silly install resolved     keywords: [ 'angular2', 'angular', 'firebase' ],
59 silly install resolved     repository: { type: 'git', url: 'git+https://github.com/angular/indy.git' },
59 silly install resolved     author: { name: 'jeffbcross' },
59 silly install resolved     license: 'MIT',
59 silly install resolved     bugs: { url: 'https://github.com/angular/indy/issues' },
59 silly install resolved     homepage: 'https://github.com/angular/indy#readme',
59 silly install resolved     devDependencies:
59 silly install resolved      { 'es6-module-loader': '^0.17.10',
59 silly install resolved        'es6-shim': '^0.33.13',
59 silly install resolved        'firebase-server': '^0.5.2',
59 silly install resolved        gulp: '^3.9.0',
59 silly install resolved        'gulp-jasmine': '^2.2.1',
59 silly install resolved        'gulp-typescript': '^2.10.0',
59 silly install resolved        'http-server': '^0.8.5',
59 silly install resolved        jasmine: '^2.4.1',
59 silly install resolved        'jasmine-core': '^2.4.1',
59 silly install resolved        json: '^9.0.3',
59 silly install resolved        karma: '^0.13.19',
59 silly install resolved        'karma-chrome-launcher': '^0.2.2',
59 silly install resolved        'karma-firefox-launcher': '^0.1.7',
59 silly install resolved        'karma-jasmine': '^0.3.6',
59 silly install resolved        'karma-systemjs': '^0.10.0',
59 silly install resolved        'mock-promises': '0.6.0',
59 silly install resolved        parse5: '^1.3.2',
59 silly install resolved        protractor: '3.0.0',
59 silly install resolved        'reflect-metadata': '0.1.2',
59 silly install resolved        systemjs: '^0.19.16',
59 silly install resolved        'systemjs-builder': '^0.15.7',
59 silly install resolved        traceur: '0.0.96',
59 silly install resolved        tsd: '^0.6.5',
59 silly install resolved        typescript: '^1.7.5',
59 silly install resolved        typings: '^0.6.2',
59 silly install resolved        'zone.js': '0.5.15' },
59 silly install resolved     typings: 'angularfire2.d.ts',
59 silly install resolved     peerDependencies:
59 silly install resolved      { angular2: '2.0.0-beta.7',
59 silly install resolved        firebase: '2.4.1',
59 silly install resolved        rxjs: '5.0.0-beta.2' },
59 silly install resolved     _id: 'angularfire2@2.0.0-alpha.10',
59 silly install resolved     _shasum: 'b9f1071bde0b01ba3c10373ba9cc16ffe86af242',
59 silly install resolved     _from: 'angularfire2@latest',
59 silly install resolved     _resolved: 'https://registry.npmjs.org/angularfire2/-/angularfire2-2.0.0-alpha.10.tgz',
59 silly install resolved     _npmVersion: '3.6.0',
59 silly install resolved     _nodeVersion: '5.5.0',
59 silly install resolved     _npmUser: { name: 'jeffbcross', email: 'middlefloor@gmail.com' },
59 silly install resolved     dist:
59 silly install resolved      { shasum: 'b9f1071bde0b01ba3c10373ba9cc16ffe86af242',
59 silly install resolved        tarball: 'http://registry.npmjs.org/angularfire2/-/angularfire2-2.0.0-alpha.10.tgz' },
59 silly install resolved     maintainers: [ [Object], [Object] ],
59 silly install resolved     _npmOperationalInternal:
59 silly install resolved      { host: 'packages-12-west.internal.npmjs.com',
59 silly install resolved        tmp: 'tmp/angularfire2-2.0.0-alpha.10.tgz_1457039938260_0.863421228248626' },
59 silly install resolved     directories: {},
59 silly install resolved     readme: 'ERROR: No README data found!' } ]
60 info install angularfire2@2.0.0-alpha.10 into /Users/yosemetie/Documents/github/notifyApp
61 info installOne angularfire2@2.0.0-alpha.10
62 verbose installOne of angularfire2 to /Users/yosemetie/Documents/github/notifyApp not in flight; installing
63 verbose lock using /Users/yosemetie/.npm/_locks/angularfire2-ace8eddd24d21daa.lock for /Users/yosemetie/Documents/github/notifyApp/node_modules/angularfire2
64 silly install write writing angularfire2 2.0.0-alpha.10 to /Users/yosemetie/Documents/github/notifyApp/node_modules/angularfire2
65 verbose unbuild node_modules/angularfire2
66 info preuninstall angularfire2@2.0.0-alpha.10
67 info uninstall angularfire2@2.0.0-alpha.10
68 verbose unbuild rmStuff angularfire2@2.0.0-alpha.10 from /Users/yosemetie/Documents/github/notifyApp/node_modules
69 info postuninstall angularfire2@2.0.0-alpha.10
70 silly gentlyRm /Users/yosemetie/Documents/github/notifyApp/node_modules/angularfire2 is being purged from base /Users/yosemetie/Documents/github/notifyApp
71 verbose gentlyRm don't care about contents; nuking /Users/yosemetie/Documents/github/notifyApp/node_modules/angularfire2
72 silly vacuum-fs purging /Users/yosemetie/Documents/github/notifyApp/node_modules/angularfire2
73 silly vacuum-fs quitting because other entries in /Users/yosemetie/Documents/github/notifyApp/node_modules
74 verbose tar unpack /Users/yosemetie/.npm/angularfire2/2.0.0-alpha.10/package.tgz
75 verbose tar unpacking to /Users/yosemetie/Documents/github/notifyApp/node_modules/angularfire2
76 silly gentlyRm /Users/yosemetie/Documents/github/notifyApp/node_modules/angularfire2 is being purged
77 verbose gentlyRm don't care about contents; nuking /Users/yosemetie/Documents/github/notifyApp/node_modules/angularfire2
78 silly gunzTarPerm modes [ '755', '644' ]
79 silly gunzTarPerm extractEntry package.json
80 silly gunzTarPerm extractEntry .npmignore
81 silly gunzTarPerm extractEntry README.md
82 silly gunzTarPerm extractEntry LICENSE
83 silly gunzTarPerm extractEntry angularfire2.js
84 silly gunzTarPerm extractEntry tokens.js
85 silly gunzTarPerm extractEntry angularfire2.d.ts
86 silly gunzTarPerm extractEntry angularfire2.js.map
87 silly gunzTarPerm extractEntry providers/auth.js
88 silly gunzTarPerm extractEntry providers/auth.d.ts
89 silly gunzTarPerm extractEntry providers/auth.js.map
90 silly gunzTarPerm extractEntry tokens.d.ts
91 silly gunzTarPerm extractEntry tokens.js.map
92 silly gunzTarPerm extractEntry utils/firebase_list_factory.js
93 silly gunzTarPerm extractEntry utils/absolute_path_resolver.js
94 silly gunzTarPerm extractEntry utils/firebase_list_observable.js
95 silly gunzTarPerm extractEntry utils/utils.js
96 silly gunzTarPerm extractEntry utils/firebase_list_observable.d.ts
97 silly gunzTarPerm extractEntry utils/firebase_list_factory.js.map
98 silly gunzTarPerm extractEntry utils/absolute_path_resolver.js.map
99 silly gunzTarPerm extractEntry utils/firebase_list_factory.d.ts
100 silly gunzTarPerm extractEntry utils/firebase_list_observable.js.map
101 silly gunzTarPerm extractEntry utils/utils.d.ts
102 silly gunzTarPerm extractEntry utils/absolute_path_resolver.d.ts
103 silly gunzTarPerm extractEntry utils/utils.js.map
104 verbose write writing to /Users/yosemetie/Documents/github/notifyApp/node_modules/angularfire2/package.json
105 info preinstall angularfire2@2.0.0-alpha.10
106 verbose readDependencies loading dependencies from /Users/yosemetie/Documents/github/notifyApp/node_modules/angularfire2/package.json
107 silly prepareForInstallMany adding angular2@2.0.0-beta.7 from angularfire2 peerDependencies
108 silly prepareForInstallMany adding rxjs@5.0.0-beta.2 from angularfire2 peerDependencies
109 warn peerDependencies The peer dependency angular2@2.0.0-beta.7 included from angularfire2 will no
110 warn peerDependencies longer be automatically installed to fulfill the peerDependency
111 warn peerDependencies in npm 3+. Your application will need to depend on it explicitly.
112 warn peerDependencies The peer dependency rxjs@5.0.0-beta.2 included from angularfire2 will no
113 warn peerDependencies longer be automatically installed to fulfill the peerDependency
114 warn peerDependencies in npm 3+. Your application will need to depend on it explicitly.
115 verbose readDependencies loading dependencies from /Users/yosemetie/Documents/github/notifyApp/node_modules/angularfire2/package.json
116 silly install resolved []
117 verbose about to build /Users/yosemetie/Documents/github/notifyApp/node_modules/angularfire2
118 info build /Users/yosemetie/Documents/github/notifyApp/node_modules/angularfire2
119 info linkStuff angularfire2@2.0.0-alpha.10
120 silly linkStuff angularfire2@2.0.0-alpha.10 has /Users/yosemetie/Documents/github/notifyApp/node_modules as its parent node_modules
121 verbose linkBins angularfire2@2.0.0-alpha.10
122 verbose linkMans angularfire2@2.0.0-alpha.10
123 verbose rebuildBundles angularfire2@2.0.0-alpha.10
124 info install angularfire2@2.0.0-alpha.10
125 info postinstall angularfire2@2.0.0-alpha.10
126 verbose readDependencies loading dependencies from /Users/yosemetie/Documents/github/notifyApp/package.json
127 verbose targetResolver reading package data from /Users/yosemetie/Documents/github/notifyApp/node_modules/angular2/package.json
128 verbose targetResolver reading package data from /Users/yosemetie/Documents/github/notifyApp/node_modules/angularfire2/package.json
129 verbose targetResolver reading package data from /Users/yosemetie/Documents/github/notifyApp/node_modules/awesome-typescript-loader/package.json
130 verbose targetResolver reading package data from /Users/yosemetie/Documents/github/notifyApp/node_modules/del/package.json
131 verbose targetResolver reading package data from /Users/yosemetie/Documents/github/notifyApp/node_modules/es6-promise/package.json
132 verbose targetResolver reading package data from /Users/yosemetie/Documents/github/notifyApp/node_modules/es6-shim/package.json
133 verbose targetResolver reading package data from /Users/yosemetie/Documents/github/notifyApp/node_modules/firebase/package.json
134 verbose targetResolver reading package data from /Users/yosemetie/Documents/github/notifyApp/node_modules/gulp/package.json
135 verbose targetResolver reading package data from /Users/yosemetie/Documents/github/notifyApp/node_modules/gulp-autoprefixer/package.json
136 verbose targetResolver reading package data from /Users/yosemetie/Documents/github/notifyApp/node_modules/gulp-sass/package.json
137 verbose targetResolver reading package data from /Users/yosemetie/Documents/github/notifyApp/node_modules/gulp-watch/package.json
138 verbose targetResolver reading package data from /Users/yosemetie/Documents/github/notifyApp/node_modules/ionic-angular/package.json
139 verbose targetResolver reading package data from /Users/yosemetie/Documents/github/notifyApp/node_modules/ionicons/package.json
140 verbose targetResolver reading package data from /Users/yosemetie/Documents/github/notifyApp/node_modules/reflect-metadata/package.json
141 verbose targetResolver reading package data from /Users/yosemetie/Documents/github/notifyApp/node_modules/rxjs/package.json
142 verbose targetResolver reading package data from /Users/yosemetie/Documents/github/notifyApp/node_modules/strip-sourcemap-loader/package.json
143 verbose targetResolver reading package data from /Users/yosemetie/Documents/github/notifyApp/node_modules/typescript/package.json
144 verbose targetResolver reading package data from /Users/yosemetie/Documents/github/notifyApp/node_modules/webpack/package.json
145 verbose targetResolver reading package data from /Users/yosemetie/Documents/github/notifyApp/node_modules/zone.js/package.json
146 verbose targetResolver reading package data from /Users/yosemetie/Documents/github/notifyApp/node_modules/.bin/gulp/package.json
147 verbose targetResolver reading package data from /Users/yosemetie/Documents/github/notifyApp/node_modules/.bin/tsc/package.json
148 verbose targetResolver reading package data from /Users/yosemetie/Documents/github/notifyApp/node_modules/.bin/tsserver/package.json
149 verbose targetResolver reading package data from /Users/yosemetie/Documents/github/notifyApp/node_modules/.bin/webpack/package.json
150 verbose already installed skipping angular2@2.0.0-beta.7 /Users/yosemetie/Documents/github/notifyApp
151 verbose already installed skipping rxjs@5.0.0-beta.2 /Users/yosemetie/Documents/github/notifyApp
152 silly install resolved []
153 verbose unlock done using /Users/yosemetie/.npm/_locks/angularfire2-ace8eddd24d21daa.lock for /Users/yosemetie/Documents/github/notifyApp/node_modules/angularfire2
154 verbose validateInstall loading /Users/yosemetie/Documents/github/notifyApp/package.json for validation
155 verbose stack Error: The package angular2@2.0.0-beta.6 does not satisfy its siblings' peerDependencies requirements!
155 verbose stack     at /usr/local/lib/node_modules/npm/lib/install.js:125:32
155 verbose stack     at /usr/local/lib/node_modules/npm/lib/install.js:268:7
155 verbose stack     at /usr/local/lib/node_modules/npm/node_modules/read-installed/read-installed.js:142:5
155 verbose stack     at /usr/local/lib/node_modules/npm/node_modules/read-installed/read-installed.js:263:14
155 verbose stack     at cb (/usr/local/lib/node_modules/npm/node_modules/slide/lib/async-map.js:47:24)
155 verbose stack     at /usr/local/lib/node_modules/npm/node_modules/read-installed/read-installed.js:263:14
155 verbose stack     at cb (/usr/local/lib/node_modules/npm/node_modules/slide/lib/async-map.js:47:24)
155 verbose stack     at /usr/local/lib/node_modules/npm/node_modules/read-installed/read-installed.js:263:14
155 verbose stack     at cb (/usr/local/lib/node_modules/npm/node_modules/slide/lib/async-map.js:47:24)
155 verbose stack     at /usr/local/lib/node_modules/npm/node_modules/read-installed/read-installed.js:263:14
156 verbose cwd /Users/yosemetie/Documents/github/notifyApp
157 error Darwin 14.3.0
158 error argv "/usr/local/bin/node" "/usr/local/bin/npm" "install" "--save" "angularfire2"
159 error node v4.3.1
160 error npm  v2.14.12
161 error code EPEERINVALID
162 error peerinvalid The package angular2@2.0.0-beta.6 does not satisfy its siblings' peerDependencies requirements!
162 error peerinvalid Peer ionic-angular@2.0.0-beta.3 wants angular2@^2.0.0-beta.6
162 error peerinvalid Peer angularfire2@2.0.0-alpha.10 wants angular2@2.0.0-beta.7
163 verbose exit [ 1, true ]
